<?xml version="1.0" encoding="UTF-8"?>
<!-- Generated by org.testng.reporters.JUnitXMLReporter -->
<testsuite ignored="0" hostname="DESKTOP-542BJL2" failures="4" tests="4" name="OpenkartTest" time="18.255" errors="0" timestamp="2023-05-26T21:40:38 IST">
  <testcase classname="testCases.TC_003_DDT" name="test_loignDDT" time="0.829">
    <failure type="java.lang.AssertionError" message="null">
      <![CDATA[java.lang.AssertionError: null
at testCases.TC_003_DDT.test_loignDDT(TC_003_DDT.java:68)
at java.base/java.util.ArrayList.forEach(ArrayList.java:1511)
... Removed 27 stack frames]]>
    </failure>
  </testcase> <!-- test_loignDDT -->
  <testcase classname="testCases.TC_003_DDT" name="test_loignDDT" time="0.537">
    <failure type="java.lang.AssertionError" message="null">
      <![CDATA[java.lang.AssertionError: null
at testCases.TC_003_DDT.test_loignDDT(TC_003_DDT.java:68)
at java.base/java.util.ArrayList.forEach(ArrayList.java:1511)
... Removed 27 stack frames]]>
    </failure>
  </testcase> <!-- test_loignDDT -->
  <testcase classname="testCases.TC_003_DDT" name="test_loignDDT" time="0.57">
    <failure type="java.lang.AssertionError" message="null">
      <![CDATA[java.lang.AssertionError: null
at testCases.TC_003_DDT.test_loignDDT(TC_003_DDT.java:68)
at java.base/java.util.ArrayList.forEach(ArrayList.java:1511)
... Removed 27 stack frames]]>
    </failure>
  </testcase> <!-- test_loignDDT -->
  <testcase classname="testCases.TC_003_DDT" name="test_loignDDT" time="0.924">
    <failure type="java.lang.AssertionError" message="null">
      <![CDATA[java.lang.AssertionError: null
at testCases.TC_003_DDT.test_loignDDT(TC_003_DDT.java:68)
at java.base/java.util.ArrayList.forEach(ArrayList.java:1511)
... Removed 27 stack frames]]>
    </failure>
  </testcase> <!-- test_loignDDT -->
</testsuite> <!-- OpenkartTest -->
